21:35:32 : No Valid response. Trying to reconnect.!
﻿21:35:36 : No Valid response. Trying to reconnect.!
﻿21:35:40 : No Valid response. Trying to reconnect.!
﻿21:35:44 : Lost Connection!
﻿21:35:44 : Closing socket & exiting!
﻿21:43:12 : No Valid response. Trying to reconnect.!
﻿21:43:16 : No Valid response. Trying to reconnect.!
﻿21:43:20 : No Valid response. Trying to reconnect.!
﻿21:43:24 : Lost Connection!
﻿21:43:24 : Closing socket & exiting!
﻿21:45:29 : No Valid response. Trying to reconnect.!
﻿21:45:33 : No Valid response. Trying to reconnect.!
﻿21:45:37 : No Valid response. Trying to reconnect.!
﻿21:45:41 : Lost Connection!
﻿21:45:41 : Closing socket & exiting!
﻿21:48:10 : Rcon client logging in
﻿21:48:10 : RCon admin #0 (127.0.0.1:61126) logged in
﻿21:48:25 : RCon admin #0: (Global) job:2 six times
﻿21:48:40 : RCon admin #0: (Global) job:1 once
﻿21:48:50 : RCon admin #0: (Global) job:2 six times
﻿21:49:15 : RCon admin #0: (Global) job:2 six times
﻿21:49:40 : RCon admin #0: (Global) job:2 six times
﻿21:50:05 : RCon admin #0: (Global) job:2 six times
﻿21:50:30 : RCon admin #0: (Global) job:2 six times
﻿21:52:13 : Closing socket & exiting!
﻿21:52:35 : Rcon client logging in
﻿21:52:35 : RCon admin #1 (127.0.0.1:61127) logged in
﻿21:52:50 : RCon admin #1: (Global) job:2 six times
﻿21:53:15 : RCon admin #1: (Global) job:2 six times
﻿21:53:34 : Closing socket & exiting!
﻿21:55:57 : Rcon client logging in
﻿21:55:57 : RCon admin #0 (127.0.0.1:61128) logged in
﻿21:56:12 : RCon admin #0: (Global) job:2 six times
﻿21:56:27 : RCon admin #0: (Global) Server has Restarted
﻿21:56:37 : RCon admin #0: (Global) job:2 six times
﻿21:56:38 : Lost Connection!
﻿21:56:38 : Closing socket & exiting!
﻿22:39:26 : Rcon client logging in
﻿22:39:26 : RCon admin #0 (127.0.0.1:62973) logged in
﻿22:41:08 : Rcon client logging in
﻿22:41:08 : RCon admin #1 (127.0.0.1:62975) logged in
﻿22:42:43 : Rcon client logging in
﻿22:42:43 : RCon admin #0 (127.0.0.1:62976) logged in
﻿22:42:53 : RCon admin #0: (Global) Server and BEC have Restarted
﻿22:45:19 : Lost Connection!
﻿22:45:19 : Closing socket & exiting!
﻿22:51:17 : Lost Connection!
﻿22:51:17 : Closing socket & exiting!
﻿22:54:28 : Rcon client logging in
﻿22:54:28 : RCon admin #0 (127.0.0.1:56600) logged in
﻿22:54:38 : RCon admin #0: (Global) Server and BEC have Restarted
﻿22:55:42 : Lost Connection!
﻿22:55:42 : Closing socket & exiting!
﻿22:56:27 : Rcon client logging in
﻿22:56:27 : RCon admin #0 (127.0.0.1:56601) logged in
﻿22:56:37 : RCon admin #0: (Global) Server and BEC have Restarted
﻿23:09:59 : Rcon client logging in
﻿23:09:59 : RCon admin #0 (127.0.0.1:60135) logged in
﻿23:10:09 : RCon admin #0: (Global) Server and BEC have Restarted
﻿23:10:37 : Player #0 ShootingBlanks (204.210.190.212:2304) connected
﻿23:10:38 : Player #0 ShootingBlanks - GUID: 7ed24656d71568dc857a7cd185a6640b (unverified)
﻿23:10:38 : Verified GUID (7ed24656d71568dc857a7cd185a6640b) of player #0 ShootingBlanks
﻿23:10:38 : Player #0 ShootingBlanks - Legacy GUID: 8e021e8603bd07f6701a4e6e1c9cddde
﻿23:19:59 : RCon admin #0: (Global) Comments or Questions: www.iaregameplayer.com
﻿23:25:58 : No Valid response. Trying to reconnect.!
﻿23:25:58 : Rcon client logging in
﻿23:25:58 : RCon admin #0 (127.0.0.1:60135) logged in
﻿23:27:42 : Rcon client logging in
﻿23:27:42 : RCon admin #1 (127.0.0.1:52849) logged in
﻿23:27:52 : RCon admin #1: (Global) Server and BEC have Restarted
﻿23:37:42 : RCon admin #1: (Global) Comments or Questions: www.iaregameplayer.com
﻿23:54:16 : Player #0 ShootingBlanks disconnected
﻿23:57:11 : Rcon client logging in
﻿23:57:11 : RCon admin #0 (127.0.0.1:59034) logged in
﻿23:57:21 : RCon admin #0: (Global) Server and BEC have Restarted
﻿23:57:40 : Rcon client logging in
﻿23:57:40 : RCon admin #1 (127.0.0.1:59035) logged in
﻿23:57:50 : RCon admin #1: (Global) Server and BEC have Restarted
